
=== Wed Jun 24 16:50:57 2020

Packages were changed.
Update Mode: mergeDefaultDependencies

The following packages were added:
  com.unity.package-manager-ui@2.2.0
  com.unity.ext.nunit@1.0.0
  com.unity.test-framework@1.0.13
  com.unity.ide.vscode@1.1.2
  com.unity.ide.rider@1.1.0
  com.unity.ugui@1.0.0
  com.unity.modules.androidjni@1.0.0
The following packages were updated:
  com.unity.collab-proxy from version 1.2.9 to 1.2.16
  com.unity.textmeshpro from version 2.0.0 to 2.0.1
  com.unity.timeline from version 0.0.0-builtin to 1.1.0

=== Sun Aug  2 22:17:46 2020

Packages were changed.
Update Mode: updateDependencies

The following packages were added:
  com.unity.ide.visualstudio@2.0.2
The following packages were updated:
  com.unity.2d.pixel-perfect from version 1.0.1-preview to 3.0.2
  com.unity.collab-proxy from version 1.2.16 to 1.3.8
  com.unity.ide.rider from version 1.1.0 to 1.2.1
  com.unity.ide.vscode from version 1.1.2 to 1.2.1
  com.unity.test-framework from version 1.0.13 to 1.1.14
  com.unity.textmeshpro from version 2.0.1 to 3.0.0-preview.1
  com.unity.timeline from version 1.1.0 to 1.2.6
The following packages were removed:
  com.unity.package-manager-ui@2.2.0

=== Mon Aug  3 09:52:59 2020

Packages were changed.
Update Mode: resetToDefaultDependencies

The following packages were added:
  com.unity.package-manager-ui@2.2.0
  com.unity.ide.rider@1.1.0
The following packages were updated:
  com.unity.textmeshpro from version 3.0.0-preview.1 to 2.0.1
  com.unity.collab-proxy from version 1.3.8 to 1.2.16
  com.unity.test-framework from version 1.1.14 to 1.0.13
  com.unity.timeline from version 1.2.6 to 1.1.0
  com.unity.ide.vscode from version 1.2.1 to 1.1.2
The following packages were removed:
  com.unity.2d.pixel-perfect@3.0.2
  com.unity.2d.sprite@1.0.0
  com.unity.2d.tilemap@1.0.0
  com.unity.cinemachine@2.5.0
